<?xml version="1.0" encoding="utf-8"?><testsuites name="pytest tests"><testsuite name="pytest" errors="0" failures="1" skipped="0" tests="23" time="3.987" timestamp="2026-03-20T22:12:57.859646+00:00" hostname="agent-env-24c40dc1-c509-40d3-9b54-e898bbbce652"><testcase classname="tests.test_faod_content.TestPSEChapters" name="test_pse_chapters_count" time="0.229" /><testcase classname="tests.test_faod_content.TestPSEChapters" name="test_pse_chapters_have_fiches" time="0.190" /><testcase classname="tests.test_faod_content.TestPSEChapters" name="test_pse_chapters_structure" time="0.133" /><testcase classname="tests.test_faod_content.TestPSEChapters" name="test_pse_fiches_content_format" time="0.209" /><testcase classname="tests.test_faod_content.TestPSCChapters" name="test_psc_chapters_count" time="0.223" /><testcase classname="tests.test_faod_content.TestPSCChapters" name="test_psc_chapters_have_fiches" time="0.121" /><testcase classname="tests.test_faod_content.TestPSCChapters" name="test_psc_chapters_structure" time="0.152" /><testcase classname="tests.test_faod_content.TestQuizzes" name="test_quizzes_count" time="0.122" /><testcase classname="tests.test_faod_content.TestQuizzes" name="test_quizzes_total_questions" time="0.136" /><testcase classname="tests.test_faod_content.TestQuizzes" name="test_quizzes_structure" time="0.128" /><testcase classname="tests.test_faod_content.TestQuizzes" name="test_quiz_questions_structure" time="0.120"><failure message="AssertionError: Question in quiz 5e1ee790-eae0-4c9e-a9bd-73d6956e559c missing field: type&#10;assert 'type' in {'correct_answer': 1, 'id': '2c735692-2acf-4914-9f5c-97e74a765ce9', 'options': ['Remplacer les médecins', 'Assurer les premiers secours en équipe', 'Transporter uniquement les blessés', 'Faire des diagnostics médicaux'], 'question': &quot;Quel est le rôle principal d'un équipier secouriste PSE ?&quot;}">tests/test_faod_content.py:145: in test_quiz_questions_structure
    assert field in q, f"Question in quiz {quiz.get('id')} missing field: {field}"
E   AssertionError: Question in quiz 5e1ee790-eae0-4c9e-a9bd-73d6956e559c missing field: type
E   assert 'type' in {'correct_answer': 1, 'id': '2c735692-2acf-4914-9f5c-97e74a765ce9', 'options': ['Remplacer les médecins', 'Assurer les premiers secours en équipe', 'Transporter uniquement les blessés', 'Faire des diagnostics médicaux'], 'question': "Quel est le rôle principal d'un équipier secouriste PSE ?"}</failure></testcase><testcase classname="tests.test_faod_content.TestQuizzes" name="test_each_chapter_has_quiz" time="0.351" /><testcase classname="tests.test_faod_content.TestAuthentication" name="test_admin_login" time="0.164" /><testcase classname="tests.test_faod_content.TestAuthentication" name="test_formateur_login" time="0.116" /><testcase classname="tests.test_faod_content.TestAuthentication" name="test_stagiaire_login" time="0.106" /><testcase classname="tests.test_faod_content.TestAuthentication" name="test_invalid_login" time="0.103" /><testcase classname="tests.test_faod_content.TestChapterEndpoints" name="test_get_single_pse_chapter" time="0.108" /><testcase classname="tests.test_faod_content.TestChapterEndpoints" name="test_get_single_psc_chapter" time="0.104" /><testcase classname="tests.test_faod_content.TestChapterEndpoints" name="test_get_nonexistent_chapter" time="0.105" /><testcase classname="tests.test_faod_content.TestQuizEndpoints" name="test_get_quiz_by_chapter" time="0.097" /><testcase classname="tests.test_faod_content.TestQuizEndpoints" name="test_get_quiz_by_id" time="0.256" /><testcase classname="tests.test_faod_content.TestAdminEndpoints" name="test_admin_stats" time="0.265" /><testcase classname="tests.test_faod_content.TestAdminEndpoints" name="test_admin_get_formateurs" time="0.303" /></testsuite></testsuites>