<?xml version="1.0" encoding="utf-8"?><testsuites name="pytest tests"><testsuite name="pytest" errors="0" failures="0" skipped="0" tests="16" time="2.760" timestamp="2026-03-30T15:25:54.580602+00:00" hostname="agent-env-24c40dc1-c509-40d3-9b54-e898bbbce652"><testcase classname="backend.tests.test_customization.TestCustomizationAPI" name="test_get_customization_public" time="0.456" /><testcase classname="backend.tests.test_customization.TestCustomizationAPI" name="test_customization_has_styles" time="0.110" /><testcase classname="backend.tests.test_customization.TestAdminCustomization" name="test_admin_login" time="0.139" /><testcase classname="backend.tests.test_customization.TestAdminCustomization" name="test_admin_can_access_banners" time="0.209" /><testcase classname="backend.tests.test_customization.TestAdminCustomization" name="test_admin_can_access_videos" time="0.229" /><testcase classname="backend.tests.test_customization.TestChaptersAPI" name="test_get_pse_chapters" time="0.109" /><testcase classname="backend.tests.test_customization.TestChaptersAPI" name="test_get_psc_chapters" time="0.141" /><testcase classname="backend.tests.test_customization.TestChaptersAPI" name="test_get_chapter_detail" time="0.123" /><testcase classname="backend.tests.test_customization.TestChaptersAPI" name="test_get_psc_chapter_detail" time="0.117" /><testcase classname="backend.tests.test_customization.TestQuizzesAPI" name="test_get_all_quizzes" time="0.133" /><testcase classname="backend.tests.test_customization.TestQuizzesAPI" name="test_get_quiz_by_chapter" time="0.145" /><testcase classname="backend.tests.test_customization.TestQuizzesAPI" name="test_quiz_questions_have_content" time="0.121" /><testcase classname="backend.tests.test_customization.TestAuthenticationFlows" name="test_formateur_login" time="0.125" /><testcase classname="backend.tests.test_customization.TestAuthenticationFlows" name="test_stagiaire_login" time="0.115" /><testcase classname="backend.tests.test_customization.TestAuthenticationFlows" name="test_invalid_login" time="0.113" /><testcase classname="backend.tests.test_customization.TestAdminStats" name="test_admin_stats" time="0.296" /></testsuite></testsuites>